13:57:16| Created: Kia Tall, 2011
13:57:16| Sold Kia Tall, 2011
13:57:16| Created: Kia Super, 2022
13:57:16| Sold Kia Super, 2022
13:57:16| Created: Nissan GX, 2002
13:57:16| Sold Nissan GX, 2002
13:57:16| Created: Buick Super, 1992
13:57:16| Created: Nissan Sport, 2021
13:57:16| Created: Subaru Round, 2007
13:57:16| Sold Buick Super, 1992
13:57:16| Created: Subaru Middle, 2019
13:57:16| Created: Ford M1X, 2020
13:57:16| Sold Nissan Sport, 2021
13:57:16| Created: Fiat Round, 2022
13:57:16| Created: Lexus Ranger, 2016
13:57:16| Sold Subaru Round, 2007
13:57:16| Created: Jeep XLS, 2011
13:57:16| Created: Mazda SE, 2015
13:57:16| Sold Subaru Middle, 2019
13:57:16| Created: Toyota Titan, 2022
13:57:16| Sold Ford M1X, 2020
13:57:16| Created: Acura F150, 2018
13:57:16| Created: Subaru Charger, 1991
13:57:16| Sold Fiat Round, 2022
13:57:16| Created: Kia M5, 1999
13:57:16| Created: Subaru Middle, 1990
13:57:16| Sold Lexus Ranger, 2016
13:57:16| Created: Chrysler Sport, 2024
13:57:16| Created: Acura M1X, 2017
13:57:16| Created: Volkswagen Middle, 2003
13:57:16| Sold Jeep XLS, 2011
13:57:16| Sold Mazda SE, 2015
13:57:16| Created: Infiniti Middle, 2022
13:57:16| Created: Buick Town, 2004
13:57:16| Sold Toyota Titan, 2022
13:57:16| Created: Chrysler SE, 2006
13:57:16| Sold Acura F150, 2018
13:57:16| Created: Honda GX, 1997
13:57:16| Sold Subaru Charger, 1991
13:57:16| Created: Kia Super, 2023
13:57:16| Sold Kia M5, 1999
13:57:16| Sold Subaru Middle, 1990
13:57:16| Created: Chrysler Ranger, 2006
13:57:16| Created: Honda M5, 2011
13:57:16| Sold Chrysler Sport, 2024
13:57:16| Created: Lexus RX, 1994
13:57:16| Sold Acura M1X, 2017
13:57:16| Sold Volkswagen Middle, 2003
13:57:16| Created: Chevrolet SXE, 2017
13:57:16| Created: Chrysler Grand, 2012
13:57:16| Sold Infiniti Middle, 2022
13:57:16| Created: Jeep G35, 1995
13:57:16| Sold Buick Town, 2004
13:57:16| Created: Kia Town, 2008
13:57:16| Sold Chrysler SE, 2006
13:57:16| Created: Volkswagen A1, 2007
13:57:16| Sold Honda GX, 1997
13:57:16| Created: Buick F150, 1996
13:57:16| Sold Kia Super, 2023
13:57:16| Sold Chrysler Ranger, 2006
13:57:16| Created: Volvo Sport, 2022
13:57:16| Created: Hyundai Tall, 2023
13:57:17| Sold Honda M5, 2011
13:57:17| Created: Subaru Sport, 2007
13:57:17| Sold Lexus RX, 1994
13:57:17| Created: Mitsubishi M1, 2019
13:57:17| Sold Chevrolet SXE, 2017
13:57:17| Created: Acura Sport, 2013
13:57:17| Sold Chrysler Grand, 2012
13:57:17| Sold Jeep G35, 1995
13:57:17| Created: Mazda MM, 2020
13:57:17| Sold Kia Town, 2008
13:57:17| Created: Mazda XOX, 2010
13:57:17| Created: Chevrolet A1, 2004
13:57:17| Sold Volkswagen A1, 2007
13:57:17| Created: Toyota SE, 2017
13:57:17| Sold Buick F150, 1996
13:57:17| Created: Jeep Ranger, 2002
13:57:17| Sold Volvo Sport, 2022
13:57:17| Created: Infiniti MM, 1995
13:57:17| Sold Hyundai Tall, 2023
13:57:17| Created: Dodge M1X, 2022
13:57:17| Sold Subaru Sport, 2007
13:57:17| Created: Subaru M1, 1996
13:57:17| Sold Mitsubishi M1, 2019
13:57:17| Created: Buick Round, 1996
13:57:17| Sold Acura Sport, 2013
13:57:17| Created: Honda M5, 2006
13:57:17| Sold Mazda MM, 2020
13:57:17| Created: Dodge M1X, 2014
13:57:17| Sold Mazda XOX, 2010
13:57:17| Created: Acura Middle, 1994
13:57:17| Sold Chevrolet A1, 2004
13:57:17| Created: Mitsubishi XLE, 1993
13:57:17| Sold Toyota SE, 2017
13:57:17| Created: Subaru MM, 1995
13:57:17| Sold Jeep Ranger, 2002
13:57:17| Created: Chrysler Town, 2017
13:57:17| Sold Infiniti MM, 1995
13:57:17| Created: Kia Charger, 1999
13:57:17| Sold Dodge M1X, 2022
13:57:17| Created: Jeep Flat, 1993
13:57:17| Sold Subaru M1, 1996
13:57:17| Created: Chrysler A2, 2023
13:57:17| Sold Buick Round, 1996
13:57:17| Created: Volkswagen G35, 2000
13:57:17| Sold Honda M5, 2006
13:57:17| Created: Honda Viper, 1998
13:57:17| Sold Dodge M1X, 2014
13:57:17| Created: Hyundai F150, 1990
13:57:17| Sold Acura Middle, 1994
13:57:17| Created: Buick M1X, 2009
13:57:17| Sold Mitsubishi XLE, 1993
13:57:17| Sold Subaru MM, 1995
13:57:17| Created: Kia XL, 2015
13:57:17| Sold Chrysler Town, 2017
13:57:17| Created: Jeep XLE, 2002
13:57:17| Created: Hyundai Town, 2003
13:57:17| Sold Kia Charger, 1999
13:57:17| Created: Ford Round, 1999
13:57:17| Sold Jeep Flat, 1993
13:57:17| Created: Jeep Charger, 1998
13:57:17| Sold Chrysler A2, 2023
13:57:17| Created: Fiat SXE, 2022
13:57:17| Sold Volkswagen G35, 2000
13:57:17| Sold Honda Viper, 1998
13:57:17| Created: Acura Flat, 1995
13:57:17| Created: Mitsubishi SE, 2016
13:57:17| Sold Hyundai F150, 1990
13:57:17| Sold Buick M1X, 2009
13:57:17| Created: Volvo SE, 2009
13:57:17| Created: Ford Ranger, 2001
13:57:17| Sold Kia XL, 2015
13:57:17| Created: Fiat Charger, 2006
13:57:17| Sold Jeep XLE, 2002
13:57:17| Sold Hyundai Town, 2003
13:57:17| Created: Nissan Charger, 1999
13:57:17| Created: Mitsubishi Charger, 2016
13:57:17| Sold Ford Round, 1999
13:57:17| Created: Mazda GX, 2000
13:57:17| Sold Jeep Charger, 1998
13:57:17| Created: Buick XL, 2001
13:57:17| Sold Fiat SXE, 2022
13:57:17| Created: Honda M5, 2011
13:57:17| Sold Acura Flat, 1995
13:57:17| Created: Subaru XLS, 1995
13:57:17| Sold Mitsubishi SE, 2016
13:57:17| Created: Smart Flat, 1994
13:57:17| Sold Volvo SE, 2009
13:57:17| Created: Jeep SE, 2006
13:57:17| Sold Ford Ranger, 2001
13:57:17| Created: Smart F150, 2006
13:57:17| Sold Fiat Charger, 2006
13:57:17| Sold Nissan Charger, 1999
13:57:17| Created: Chrysler Round, 2000
13:57:17| Created: Mazda Sport, 2016
13:57:17| Sold Mitsubishi Charger, 2016
13:57:17| Sold Mazda GX, 2000
13:57:18| Created: Hyundai M1X, 2000
13:57:18| Created: Hyundai Flat, 2009
13:57:18| Sold Buick XL, 2001
13:57:18| Created: Lexus XL, 2014
13:57:18| Sold Honda M5, 2011
13:57:18| Created: Mazda XL, 2020
13:57:18| Sold Subaru XLS, 1995
13:57:18| Created: Ford Middle, 1999
13:57:18| Sold Smart Flat, 1994
13:57:18| Created: Toyota Sport, 1998
13:57:18| Sold Jeep SE, 2006
13:57:18| Created: Chevrolet Round, 2021
13:57:18| Sold Smart F150, 2006
13:57:18| Created: Dodge SE, 2020
13:57:18| Sold Chrysler Round, 2000
13:57:18| Created: Toyota Town, 1992
13:57:18| Sold Mazda Sport, 2016
13:57:18| Created: Dodge SE, 2006
13:57:18| Sold Hyundai M1X, 2000
13:57:18| Created: Infiniti XL, 2018
13:57:18| Sold Hyundai Flat, 2009
13:57:18| Created: Toyota Flat, 1998
13:57:18| Sold Lexus XL, 2014
13:57:18| Created: Chrysler Ranger, 1995
13:57:18| Sold Mazda XL, 2020
13:57:18| Created: Lexus Viper, 2011
13:57:18| Sold Ford Middle, 1999
13:57:18| Created: Toyota F150, 2011
13:57:18| Sold Toyota Sport, 1998
13:57:18| Created: Mitsubishi Viper, 2018
13:57:18| Sold Chevrolet Round, 2021
13:57:18| Created: Infiniti Ranger, 2001
13:57:18| Sold Dodge SE, 2020
13:57:18| Created: Kia Sport, 1995
13:57:18| Sold Toyota Town, 1992
13:57:18| Sold Dodge SE, 2006
13:57:18| Created: Ford SE, 1991
13:57:18| Created: Toyota M5, 2011
13:57:18| Sold Infiniti XL, 2018
13:57:18| Sold Toyota Flat, 1998
13:57:18| Created: Volvo RX, 1990
13:57:18| Sold Chrysler Ranger, 1995
13:57:18| Created: Mitsubishi A2, 2006
13:57:18| Created: Smart Middle, 2001
13:57:18| Sold Lexus Viper, 2011
13:57:18| Created: Fiat SXE, 1998
13:57:18| Sold Toyota F150, 2011
13:57:18| Created: Honda Grand, 2012
13:57:18| Sold Mitsubishi Viper, 2018
13:57:18| Created: Honda SE, 2001
13:57:18| Sold Infiniti Ranger, 2001
13:57:18| Created: Honda SE, 2001
13:57:18| Sold Kia Sport, 1995
13:57:18| Created: Honda Round, 1996
13:57:18| Sold Ford SE, 1991
13:57:18| Sold Toyota M5, 2011
13:57:18| Created: Kia RX, 2016
13:57:18| Created: Lexus F150, 2015
13:57:18| Sold Volvo RX, 1990
13:57:18| Created: Kia Flat, 2006
13:57:18| Sold Mitsubishi A2, 2006
13:57:18| Created: Kia A2, 2010
13:57:18| Sold Smart Middle, 2001
13:57:18| Sold Fiat SXE, 1998
13:57:18| Created: Mazda Grand, 1993
13:57:18| Sold Honda Grand, 2012
13:57:18| Created: Ford M1X, 2024
13:57:18| Created: Chrysler Titan, 2000
13:57:18| Sold Honda SE, 2001
13:57:18| Created: Mitsubishi Ranger, 2018
13:57:18| Sold Honda SE, 2001
13:57:18| Created: Kia Grand, 2002
13:57:18| Sold Honda Round, 1996
13:57:18| Created: Chevrolet XL, 2007
13:57:18| Sold Kia RX, 2016
13:57:18| Created: Infiniti M1X, 2017
13:57:18| Sold Lexus F150, 2015
13:57:18| Created: Volkswagen SXE, 1997
13:57:18| Sold Kia Flat, 2006
13:57:18| Created: Infiniti Titan, 2009
13:57:18| Sold Kia A2, 2010
13:57:18| Created: Mitsubishi MM, 2021
13:57:18| Sold Mazda Grand, 1993
13:57:18| Created: Infiniti XOX, 1991
13:57:18| Sold Ford M1X, 2024
13:57:18| Sold Chrysler Titan, 2000
13:57:18| Created: Acura XOX, 2017
13:57:18| Created: Fiat SE, 2019
13:57:18| Sold Mitsubishi Ranger, 2018
13:57:18| Created: Buick Town, 2013
13:57:18| Sold Kia Grand, 2002
13:57:18| Created: Mitsubishi Round, 2009
13:57:18| Sold Chevrolet XL, 2007
13:57:19| Created: Dodge Round, 2005
13:57:19| Sold Infiniti M1X, 2017
13:57:19| Created: Mitsubishi XL, 2023
13:57:19| Sold Volkswagen SXE, 1997
13:57:19| Sold Infiniti Titan, 2009
13:57:19| Created: Buick XLE, 2000
13:57:19| Created: Infiniti Tall, 2019
13:57:19| Sold Mitsubishi MM, 2021
13:57:19| Created: Hyundai Charger, 2003
13:57:19| Sold Infiniti XOX, 1991
13:57:19| Created: Lexus XL, 2013
13:57:19| Sold Acura XOX, 2017
13:57:19| Created: Subaru XOX, 1992
13:57:19| Sold Fiat SE, 2019
13:57:19| Sold Buick Town, 2013
13:57:19| Created: Kia Ranger, 2018
13:57:19| Created: Ford Round, 1990
13:57:19| Sold Mitsubishi Round, 2009
13:57:19| Created: Volvo Super, 2008
13:57:19| Sold Dodge Round, 2005
13:57:19| Sold Mitsubishi XL, 2023
13:57:19| Created: Volkswagen MM, 1992
13:57:19| Created: Kia G35, 1997
13:57:19| Sold Buick XLE, 2000
13:57:19| Sold Infiniti Tall, 2019
13:57:19| Created: Subaru Round, 1998
13:57:19| Created: Volkswagen GX, 1994
13:57:19| Sold Hyundai Charger, 2003
13:57:19| Sold Lexus XL, 2013
13:57:19| Created: Buick A2, 2003
13:57:19| Created: Chevrolet Grand, 2005
13:57:19| Sold Subaru XOX, 1992
13:57:19| Created: Volkswagen Ranger, 1998
13:57:19| Sold Kia Ranger, 2018
13:57:19| Created: Chevrolet XLS, 1993
13:57:19| Sold Ford Round, 1990
13:57:19| Sold Volvo Super, 2008
13:57:19| Created: Toyota RX, 2012
13:57:19| Created: Volvo MM, 1991
13:57:19| Sold Volkswagen MM, 1992
13:57:19| Created: Chrysler M5, 2010
13:57:19| Sold Kia G35, 1997
13:57:19| Created: Volkswagen A1, 2018
13:57:19| Sold Subaru Round, 1998
13:57:19| Created: Smart XLS, 2004
13:57:19| Sold Volkswagen GX, 1994
13:57:19| Created: Subaru RX, 2012
13:57:19| Sold Buick A2, 2003
13:57:19| Created: Mitsubishi M5, 2023
13:57:19| Sold Chevrolet Grand, 2005
13:57:19| Created: Volkswagen Grand, 2008
13:57:19| Sold Volkswagen Ranger, 1998
13:57:19| Sold Chevrolet XLS, 1993
13:57:19| Created: Honda Charger, 2001
13:57:19| Created: Toyota Super, 2023
13:57:19| Sold Toyota RX, 2012
13:57:19| Created: Lexus Round, 2008
13:57:19| Sold Volvo MM, 1991
13:57:19| Created: Chrysler XOX, 2024
13:57:19| Sold Chrysler M5, 2010
13:57:19| Sold Volkswagen A1, 2018
13:57:19| Created: Ford A2, 2002
13:57:19| Created: Chrysler Grand, 2014
13:57:19| Sold Smart XLS, 2004
13:57:19| Created: Dodge M1, 2022
13:57:19| Sold Subaru RX, 2012
13:57:19| Created: Chevrolet Round, 2014
13:57:19| Sold Mitsubishi M5, 2023
13:57:19| Created: Kia Charger, 2015
13:57:19| Sold Volkswagen Grand, 2008
13:57:19| Created: Mitsubishi XOX, 2001
13:57:19| Sold Honda Charger, 2001
13:57:19| Created: Volkswagen Sport, 2018
13:57:19| Sold Toyota Super, 2023
13:57:19| Created: Chrysler SXE, 1996
13:57:19| Sold Lexus Round, 2008
13:57:19| Sold Chrysler XOX, 2024
13:57:19| Created: Toyota MM, 2022
13:57:19| Created: Infiniti Super, 2005
13:57:19| Sold Ford A2, 2002
13:57:19| Created: Mazda A1, 2008
13:57:19| Sold Chrysler Grand, 2014
13:57:19| Sold Dodge M1, 2022
13:57:19| Created: Kia XLE, 2020
13:57:19| Created: Mitsubishi XOX, 2000
13:57:19| Sold Chevrolet Round, 2014
13:57:20| Created: Subaru Charger, 2009
13:57:20| Sold Kia Charger, 2015
13:57:20| Created: Honda A1, 2023
13:57:20| Sold Mitsubishi XOX, 2001
13:57:20| Created: Volkswagen Middle, 1995
13:57:20| Sold Volkswagen Sport, 2018
13:57:20| Created: Jeep GX, 2006
13:57:20| Sold Chrysler SXE, 1996
13:57:20| Created: Smart Ranger, 2021
13:57:20| Sold Toyota MM, 2022
13:57:20| Sold Infiniti Super, 2005
13:57:20| Created: Fiat G35, 2018
13:57:20| Sold Mazda A1, 2008
13:57:20| Created: Lexus XOX, 2011
13:57:20| Sold Kia XLE, 2020
13:57:20| Created: Mitsubishi XOX, 1990
13:57:20| Created: Fiat XOX, 2007
13:57:20| Sold Mitsubishi XOX, 2000
13:57:20| Created: Honda XL, 2008
13:57:20| Sold Subaru Charger, 2009
13:57:20| Created: Volkswagen SE, 2007
13:57:20| Sold Honda A1, 2023
13:57:20| Created: Jeep XOX, 2013
13:57:20| Sold Volkswagen Middle, 1995
13:57:20| Sold Jeep GX, 2006
13:57:20| Created: Lexus SXE, 1993
13:57:20| Created: Nissan XL, 1993
13:57:20| Sold Smart Ranger, 2021
13:57:20| Created: Dodge Town, 2017
13:57:20| Sold Fiat G35, 2018
13:57:20| Created: Toyota RX, 2003
13:57:20| Sold Lexus XOX, 2011
13:57:20| Created: Kia GX, 2001
13:57:20| Sold Mitsubishi XOX, 1990
13:57:20| Created: Toyota GX, 2001
13:57:20| Sold Fiat XOX, 2007
13:57:20| Created: Nissan Titan, 2000
13:57:20| Sold Honda XL, 2008
13:57:20| Created: Chevrolet XL, 2007
13:57:20| Sold Volkswagen SE, 2007
13:57:20| Sold Jeep XOX, 2013
13:57:20| Created: Subaru M5, 2023
13:57:20| Created: Fiat G35, 2020
13:57:20| Sold Lexus SXE, 1993
13:57:20| Created: Dodge Charger, 1994
13:57:20| Sold Nissan XL, 1993
13:57:20| Sold Dodge Town, 2017
13:57:20| Created: Dodge M1, 2020
13:57:20| Sold Toyota RX, 2003
13:57:20| Created: Mazda Ranger, 2015
13:57:20| Created: Chrysler Super, 1991
13:57:20| Sold Kia GX, 2001
13:57:20| Created: Jeep A2, 2023
13:57:20| Sold Toyota GX, 2001
13:57:20| Created: Hyundai MM, 2011
13:57:20| Sold Nissan Titan, 2000
13:57:20| Created: Subaru SE, 2008
13:57:20| Sold Chevrolet XL, 2007
13:57:20| Sold Subaru M5, 2023
13:57:20| Created: Infiniti A2, 2004
13:57:20| Sold Fiat G35, 2020
13:57:20| Created: Mazda XLE, 2020
13:57:20| Sold Dodge Charger, 1994
13:57:20| Created: Subaru Viper, 2000
13:57:20| Created: Volvo Titan, 2022
13:57:20| Sold Dodge M1, 2020
13:57:20| Created: Toyota F150, 2011
13:57:20| Sold Mazda Ranger, 2015
13:57:20| Sold Chrysler Super, 1991
13:57:20| Created: Chevrolet Viper, 2019
13:57:20| Created: Hyundai M5, 2010
13:57:20| Sold Jeep A2, 2023
13:57:20| Created: Mitsubishi A1, 2021
13:57:20| Sold Hyundai MM, 2011
13:57:20| Created: Chevrolet GX, 1998
13:57:20| Sold Subaru SE, 2008
13:57:20| Created: Acura XL, 2010
13:57:20| Sold Infiniti A2, 2004
13:57:20| Created: Lexus M1X, 2014
13:57:20| Sold Mazda XLE, 2020
13:57:20| Created: Volkswagen MM, 2015
13:57:20| Sold Subaru Viper, 2000
13:57:20| Created: Fiat G35, 2009
13:57:20| Sold Volvo Titan, 2022
13:57:20| Sold Toyota F150, 2011
13:57:20| Created: Chevrolet RX, 2022
13:57:20| Created: Smart Flat, 2002
13:57:20| Sold Chevrolet Viper, 2019
13:57:20| Created: Fiat A1, 2019
13:57:20| Sold Hyundai M5, 2010
13:57:21| Created: Toyota Charger, 1991
13:57:21| Sold Mitsubishi A1, 2021
13:57:21| Created: Jeep Titan, 1998
13:57:21| Sold Chevrolet GX, 1998
13:57:21| Created: Toyota Sport, 2015
13:57:21| Sold Acura XL, 2010
13:57:21| Created: Nissan M1, 2001
13:57:21| Sold Lexus M1X, 2014
13:57:21| Created: Chevrolet G35, 2012
13:57:21| Sold Volkswagen MM, 2015
13:57:21| Created: Dodge Round, 1991
13:57:21| Sold Fiat G35, 2009
13:57:21| Sold Chevrolet RX, 2022
13:57:21| Created: Kia Flat, 2011
13:57:21| Created: Jeep Round, 2018
13:57:21| Sold Smart Flat, 2002
13:57:21| Created: Smart Grand, 1994
13:57:21| Sold Fiat A1, 2019
13:57:21| Created: Acura F150, 1994
13:57:21| Sold Toyota Charger, 1991
13:57:21| Created: Dodge SE, 1993
13:57:21| Sold Jeep Titan, 1998
13:57:21| Created: Chevrolet MM, 1993
13:57:21| Sold Toyota Sport, 2015
13:57:21| Created: Buick XLS, 1999
13:57:21| Sold Nissan M1, 2001
13:57:21| Created: Honda G35, 2022
13:57:21| Sold Chevrolet G35, 2012
13:57:21| Created: Chevrolet Ranger, 2009
13:57:21| Sold Dodge Round, 1991
13:57:21| Created: Acura SXE, 2014
13:57:21| Sold Kia Flat, 2011
13:57:21| Created: Lexus M1X, 2006
13:57:21| Sold Jeep Round, 2018
13:57:21| Created: Subaru Ranger, 2000
13:57:21| Sold Smart Grand, 1994
13:57:21| Created: Honda A1, 2024
13:57:21| Sold Acura F150, 1994
13:57:21| Created: Buick Round, 2012
13:57:21| Sold Dodge SE, 1993
13:57:21| Created: Toyota Flat, 2010
13:57:21| Sold Chevrolet MM, 1993
13:57:21| Created: Dodge Sport, 2011
13:57:21| Sold Buick XLS, 1999
13:57:21| Created: Jeep Middle, 1998
13:57:21| Sold Honda G35, 2022
13:57:21| Sold Chevrolet Ranger, 2009
13:57:21| Created: Mitsubishi XLE, 2016
13:57:21| Created: Mitsubishi M5, 2002
13:57:21| Sold Acura SXE, 2014
13:57:21| Sold Lexus M1X, 2006
13:57:21| Created: Kia A1, 2000
13:57:21| Created: Honda A1, 2012
13:57:21| Sold Subaru Ranger, 2000
13:57:21| Sold Honda A1, 2024
13:57:21| Created: Infiniti Flat, 1994
13:57:21| Created: Honda Grand, 1995
13:57:21| Sold Buick Round, 2012
13:57:21| Created: Chevrolet Super, 2015
13:57:21| Sold Toyota Flat, 2010
13:57:21| Created: Subaru Tall, 1993
13:57:21| Sold Dodge Sport, 2011
13:57:21| Sold Jeep Middle, 1998
13:57:21| Created: Dodge Sport, 2002
13:57:21| Created: Honda XL, 2010
13:57:21| Sold Mitsubishi XLE, 2016
13:57:21| Created: Buick A2, 2001
13:57:21| Sold Mitsubishi M5, 2002
13:57:21| Sold Kia A1, 2000
13:57:21| Created: Mazda RX, 2000
13:57:21| Created: Acura XOX, 1999
13:57:21| Sold Honda A1, 2012
13:57:21| Created: Acura MM, 2006
13:57:21| Sold Infiniti Flat, 1994
13:57:21| Created: Honda Ranger, 1999
13:57:21| Sold Honda Grand, 1995
13:57:21| Sold Chevrolet Super, 2015
13:57:21| Created: Kia XLE, 2016
13:57:21| Created: Infiniti F150, 2014
13:57:21| Sold Subaru Tall, 1993
13:57:21| Created: Lexus Town, 2024
13:57:21| Sold Dodge Sport, 2002
13:57:21| Created: Smart XLS, 2018
13:57:21| Sold Honda XL, 2010
13:57:21| Created: Mitsubishi XL, 2023
13:57:21| Sold Buick A2, 2001
13:57:21| Created: Jeep Super, 1991
13:57:21| Sold Mazda RX, 2000
13:57:21| Created: Toyota XLS, 2024
13:57:21| Sold Acura XOX, 1999
13:57:21| Sold Acura MM, 2006
13:57:21| Created: Volkswagen XLS, 1998
13:57:21| Sold Honda Ranger, 1999
13:57:21| Created: Kia M1, 2004
13:57:21| Sold Kia XLE, 2016
13:57:21| Created: Lexus Ranger, 2002
13:57:21| Sold Infiniti F150, 2014
13:57:21| Created: Smart RX, 1990
13:57:22| Created: Lexus Grand, 1997
13:57:22| Sold Lexus Town, 2024
13:57:22| Sold Smart XLS, 2018
13:57:22| Created: Mazda XLE, 2022
13:57:22| Created: Subaru F150, 2007
13:57:22| Sold Mitsubishi XL, 2023
13:57:22| Created: Fiat Ranger, 2010
13:57:22| Sold Jeep Super, 1991
13:57:22| Created: Ford Middle, 2022
13:57:22| Sold Toyota XLS, 2024
13:57:22| Created: Acura Town, 2004
13:57:22| Sold Volkswagen XLS, 1998
13:57:22| Sold Kia M1, 2004
13:57:22| Created: Subaru A1, 2006
13:57:22| Created: Fiat Town, 1997
13:57:22| Sold Lexus Ranger, 2002
13:57:22| Created: Infiniti Tall, 2009
13:57:22| Sold Smart RX, 1990
13:57:22| Created: Nissan Titan, 2003
13:57:22| Sold Lexus Grand, 1997
13:57:22| Created: Dodge Viper, 1996
13:57:22| Sold Mazda XLE, 2022
13:57:22| Created: Fiat MM, 2000
13:57:22| Sold Subaru F150, 2007
13:57:22| Created: Jeep XOX, 1996
13:57:22| Sold Fiat Ranger, 2010
13:57:22| Created: Volvo M1, 1994
13:57:22| Sold Ford Middle, 2022
13:57:22| Created: Subaru Town, 2012
13:57:22| Sold Acura Town, 2004
13:57:22| Created: Dodge Super, 2006
13:57:22| Sold Subaru A1, 2006
13:57:22| Created: Volkswagen RX, 1995
13:57:22| Sold Fiat Town, 1997
13:57:22| Created: Nissan RX, 2004
13:57:22| Sold Infiniti Tall, 2009
13:57:22| Created: Honda GX, 2018
13:57:22| Sold Nissan Titan, 2003
13:57:22| Created: Hyundai Titan, 1991
13:57:22| Sold Dodge Viper, 1996
13:57:22| Created: Volvo SXE, 1997
13:57:22| Sold Fiat MM, 2000
13:57:22| Created: Mitsubishi GX, 2010
13:57:22| Sold Jeep XOX, 1996
13:57:22| Created: Volkswagen M5, 1994
13:57:22| Sold Volvo M1, 1994
13:57:22| Sold Subaru Town, 2012
13:57:22| Created: Acura M1, 2015
13:57:22| Created: Lexus Ranger, 2022
13:57:22| Sold Dodge Super, 2006
13:57:22| Created: Mazda F150, 2024
13:57:22| Sold Volkswagen RX, 1995
13:57:22| Created: Volvo Flat, 2010
13:57:22| Sold Nissan RX, 2004
13:57:22| Created: Volkswagen A1, 2010
13:57:22| Sold Honda GX, 2018
13:57:22| Created: Acura GX, 2006
13:57:22| Sold Hyundai Titan, 1991
13:57:22| Created: Kia Viper, 1993
13:57:22| Sold Volvo SXE, 1997
13:57:22| Created: Dodge A1, 1998
13:57:22| Sold Mitsubishi GX, 2010
13:57:22| Created: Volkswagen Middle, 2015
13:57:22| Sold Volkswagen M5, 1994
13:57:22| Created: Dodge RX, 1995
13:57:22| Sold Acura M1, 2015
13:57:22| Created: Hyundai A2, 1993
13:57:22| Sold Lexus Ranger, 2022
13:57:22| Created: Fiat MM, 2008
13:57:22| Sold Mazda F150, 2024
13:57:22| Created: Smart Viper, 2023
13:57:22| Sold Volvo Flat, 2010
13:57:22| Created: Volvo XL, 1997
13:57:22| Sold Volkswagen A1, 2010
13:57:22| Sold Acura GX, 2006
13:57:22| Created: Toyota Sport, 1997
13:57:22| Sold Kia Viper, 1993
13:57:22| Created: Chevrolet Sport, 2024
13:57:22| Created: Mitsubishi RX, 2017
13:57:22| Sold Dodge A1, 1998
13:57:22| Created: Buick Ranger, 2012
13:57:22| Sold Volkswagen Middle, 2015
13:57:22| Created: Honda Super, 1990
13:57:22| Sold Dodge RX, 1995
13:57:22| Created: Honda Middle, 2017
13:57:22| Sold Hyundai A2, 1993
13:57:22| Created: Chrysler Viper, 2022
13:57:22| Sold Fiat MM, 2008
13:57:22| Created: Chevrolet GX, 2017
13:57:22| Sold Smart Viper, 2023
13:57:22| Created: Lexus XLE, 1995
13:57:22| Sold Volvo XL, 1997
13:57:23| Sold Toyota Sport, 1997
13:57:23| Created: Chrysler Charger, 1996
13:57:23| Created: Volvo XLS, 2021
13:57:23| Sold Chevrolet Sport, 2024
13:57:23| Created: Mazda Charger, 2012
13:57:23| Sold Mitsubishi RX, 2017
13:57:23| Created: Dodge Ranger, 2021
13:57:23| Sold Buick Ranger, 2012
13:57:23| Created: Fiat Ranger, 2021
13:57:23| Sold Honda Super, 1990
13:57:23| Created: Buick A1, 2007
13:57:23| Sold Honda Middle, 2017
13:57:23| Created: Chrysler Grand, 1999
13:57:23| Sold Chrysler Viper, 2022
13:57:23| Created: Mazda GX, 2011
13:57:23| Sold Chevrolet GX, 2017
13:57:23| Created: Mitsubishi Charger, 2020
13:57:23| Sold Lexus XLE, 1995
13:57:23| Created: Chrysler MM, 2003
13:57:23| Sold Chrysler Charger, 1996
13:57:23| Created: Kia MM, 2008
13:57:23| Sold Volvo XLS, 2021
13:57:23| Created: Fiat GX, 2003
13:57:23| Sold Mazda Charger, 2012
13:57:23| Created: Mitsubishi SE, 2021
13:57:23| Sold Dodge Ranger, 2021
13:57:23| Created: Ford Sport, 1993
13:57:23| Sold Fiat Ranger, 2021
13:57:23| Created: Chrysler RX, 2002
13:57:23| Sold Buick A1, 2007
13:57:23| Created: Buick Super, 2003
13:57:23| Sold Chrysler Grand, 1999
13:57:23| Created: Infiniti A2, 2013
13:57:23| Sold Mazda GX, 2011
13:57:23| Created: Chrysler A2, 1991
13:57:23| Sold Mitsubishi Charger, 2020
13:57:23| Created: Jeep Grand, 2004
13:57:23| Sold Chrysler MM, 2003
13:57:23| Created: Lexus Grand, 2008
13:57:23| Sold Kia MM, 2008
13:57:23| Created: Ford XLE, 2015
13:57:23| Sold Fiat GX, 2003
13:57:23| Created: Mitsubishi M5, 2000
13:57:23| Sold Mitsubishi SE, 2021
13:57:23| Created: Buick Super, 2018
13:57:23| Sold Ford Sport, 1993
13:57:23| Created: Lexus GX, 2022
13:57:23| Sold Chrysler RX, 2002
13:57:23| Sold Buick Super, 2003
13:57:23| Created: Ford A1, 2017
13:57:23| Sold Infiniti A2, 2013
13:57:23| Created: Chevrolet Charger, 2014
13:57:23| Created: Chevrolet RX, 2023
13:57:23| Sold Chrysler A2, 1991
13:57:23| Created: Subaru XOX, 2004
13:57:23| Sold Jeep Grand, 2004
13:57:23| Created: Hyundai GX, 2004
13:57:23| Sold Lexus Grand, 2008
13:57:23| Created: Nissan Ranger, 2013
13:57:23| Sold Ford XLE, 2015
13:57:23| Created: Volkswagen Titan, 2022
13:57:23| Sold Mitsubishi M5, 2000
13:57:23| Created: Infiniti RX, 2003
13:57:23| Sold Buick Super, 2018
13:57:23| Created: Volkswagen RX, 2012
13:57:23| Sold Lexus GX, 2022
13:57:23| Created: Kia Middle, 2012
13:57:23| Sold Ford A1, 2017
13:57:23| Sold Chevrolet Charger, 2014
13:57:23| Created: Acura XL, 2005
13:57:23| Created: Mazda Ranger, 1996
13:57:23| Sold Chevrolet RX, 2023
13:57:23| Created: Fiat Middle, 2013
13:57:23| Sold Subaru XOX, 2004
13:57:23| Created: Fiat XOX, 2021
13:57:23| Sold Hyundai GX, 2004
13:57:23| Created: Ford MM, 2014
13:57:23| Sold Nissan Ranger, 2013
13:57:23| Created: Lexus Sport, 1991
13:57:23| Sold Volkswagen Titan, 2022
13:57:23| Created: Chevrolet XOX, 1999
13:57:23| Sold Infiniti RX, 2003
13:57:23| Created: Honda G35, 2023
13:57:23| Sold Volkswagen RX, 2012
13:57:23| Created: Smart M1X, 2013
13:57:23| Sold Kia Middle, 2012
13:57:23| Created: Infiniti XOX, 1997
13:57:23| Sold Acura XL, 2005
13:57:23| Created: Acura RX, 1997
13:57:23| Sold Mazda Ranger, 1996
13:57:23| Created: Chevrolet G35, 2017
13:57:23| Sold Fiat Middle, 2013
13:57:23| Sold Fiat XOX, 2021
13:57:23| Created: Volvo A1, 1996
13:57:23| Created: Acura XL, 2001
13:57:24| Sold Ford MM, 2014
13:57:24| Created: Acura Grand, 2018
13:57:24| Sold Lexus Sport, 1991
13:57:24| Created: Smart Middle, 1998
13:57:24| Sold Chevrolet XOX, 1999
13:57:24| Created: Dodge Tall, 2010
13:57:24| Sold Honda G35, 2023
13:57:24| Created: Jeep MM, 1990
13:57:24| Sold Smart M1X, 2013
13:57:24| Created: Ford Charger, 2013
13:57:24| Sold Infiniti XOX, 1997
13:57:24| Created: Mitsubishi Town, 2008
13:57:24| Sold Acura RX, 1997
13:57:24| Created: Smart M5, 2021
13:57:24| Sold Chevrolet G35, 2017
13:57:24| Sold Volvo A1, 1996
13:57:24| Created: Chrysler SXE, 2014
13:57:24| Created: Buick XLS, 2003
13:57:24| Sold Acura XL, 2001
13:57:24| Created: Toyota A2, 2012
13:57:24| Sold Acura Grand, 2018
13:57:24| Created: Kia Sport, 2004
13:57:24| Sold Smart Middle, 1998
13:57:24| Sold Dodge Tall, 2010
13:57:24| Created: Mitsubishi Sport, 2003
13:57:24| Created: Subaru XLE, 2006
13:57:24| Sold Jeep MM, 1990
13:57:24| Created: Jeep XL, 2021
13:57:24| Sold Ford Charger, 2013
13:57:24| Sold Mitsubishi Town, 2008
13:57:24| Created: Kia XOX, 1990
13:57:24| Created: Dodge A1, 2006
13:57:24| Sold Smart M5, 2021
13:57:24| Created: Nissan A1, 2004
13:57:24| Sold Chrysler SXE, 2014
13:57:24| Created: Nissan M1X, 2007
13:57:24| Sold Buick XLS, 2003
13:57:24| Created: Subaru Charger, 2012
13:57:24| Sold Toyota A2, 2012
13:57:24| Sold Kia Sport, 2004
13:57:24| Created: Volvo Sport, 2002
13:57:24| Sold Mitsubishi Sport, 2003
13:57:24| Created: Hyundai G35, 2023
13:57:24| Created: Infiniti Sport, 2014
13:57:24| Sold Subaru XLE, 2006
13:57:24| Created: Chrysler Charger, 2024
13:57:24| Sold Jeep XL, 2021
13:57:24| Created: Kia Grand, 2004
13:57:24| Sold Kia XOX, 1990
13:57:24| Created: Hyundai Charger, 1993
13:57:24| Sold Dodge A1, 2006
13:57:24| Created: Ford XLS, 2002
13:57:24| Sold Nissan A1, 2004
13:57:24| Created: Dodge Round, 1998
13:57:24| Sold Nissan M1X, 2007
13:57:24| Created: Infiniti XLE, 2006
13:57:24| Sold Subaru Charger, 2012
13:57:24| Sold Volvo Sport, 2002
13:57:24| Created: Dodge GX, 2000
13:57:24| Created: Infiniti F150, 2002
13:57:24| Sold Hyundai G35, 2023
13:57:24| Created: Mazda Super, 2013
13:57:24| Sold Infiniti Sport, 2014
13:57:24| Created: Lexus XL, 2009
13:57:24| Sold Chrysler Charger, 2024
13:57:24| Created: Mazda Charger, 2003
13:57:24| Sold Kia Grand, 2004
13:57:24| Sold Hyundai Charger, 1993
13:57:24| Sold Ford XLS, 2002
13:57:24| Created: Honda SXE, 2016
13:57:24| Created: Infiniti G35, 2022
13:57:24| Sold Dodge Round, 1998
13:57:24| Created: Fiat XLE, 2005
13:57:24| Created: Subaru XLS, 2018
13:57:24| Sold Infiniti XLE, 2006
13:57:24| Created: Ford Grand, 2017
13:57:24| Sold Dodge GX, 2000
13:57:24| Created: Subaru Town, 2013
13:57:24| Sold Infiniti F150, 2002
13:57:24| Created: Lexus Sport, 2023
13:57:24| Sold Mazda Super, 2013
13:57:24| Created: Ford M1X, 2011
13:57:24| Sold Lexus XL, 2009
13:57:24| Created: Volkswagen M5, 2022
13:57:24| Sold Mazda Charger, 2003
13:57:24| Sold Honda SXE, 2016
13:57:24| Created: Nissan RX, 2004
13:57:24| Created: Ford Town, 1997
13:57:24| Sold Infiniti G35, 2022
13:57:24| Sold Fiat XLE, 2005
13:57:24| Created: Fiat Middle, 2021
13:57:24| Sold Subaru XLS, 2018
13:57:24| Created: Dodge XL, 2004
13:57:24| Created: Nissan F150, 1999
13:57:24| Sold Ford Grand, 2017
13:57:25| Sold Subaru Town, 2013
13:57:25| Created: Kia Round, 2009
13:57:25| Created: Toyota Sport, 1990
13:57:25| Sold Lexus Sport, 2023
13:57:25| Created: Chrysler Flat, 1999
13:57:25| Sold Ford M1X, 2011
13:57:25| Sold Volkswagen M5, 2022
13:57:25| Created: Smart Super, 2022
13:57:25| Sold Nissan RX, 2004
13:57:25| Created: Mazda Round, 2016
13:57:25| Created: Buick XOX, 2024
13:57:25| Sold Ford Town, 1997
13:57:25| Created: Lexus SXE, 1997
13:57:25| Sold Fiat Middle, 2021
13:57:25| Created: Volvo Ranger, 1999
13:57:25| Sold Dodge XL, 2004
13:57:25| Created: Lexus Grand, 2017
13:57:25| Sold Nissan F150, 1999
13:57:25| Created: Nissan XOX, 2005
13:57:25| Sold Kia Round, 2009
13:57:25| Created: Toyota Charger, 2008
13:57:25| Sold Toyota Sport, 1990
13:57:25| Sold Chrysler Flat, 1999
13:57:25| Created: Subaru Titan, 1995
13:57:25| Sold Smart Super, 2022
13:57:25| Created: Fiat XL, 1994
13:57:25| Created: Mitsubishi RX, 2024
13:57:25| Sold Mazda Round, 2016
13:57:25| Created: Volkswagen RX, 1998
13:57:25| Sold Buick XOX, 2024
13:57:25| Created: Nissan XL, 1994
13:57:25| Sold Lexus SXE, 1997
13:57:25| Sold Volvo Ranger, 1999
13:57:25| Created: Nissan SE, 2014
13:57:25| Created: Buick M5, 2022
13:57:25| Sold Lexus Grand, 2017
13:57:25| Created: Volkswagen Flat, 1990
13:57:25| Sold Nissan XOX, 2005
13:57:25| Created: Ford Charger, 2001
13:57:25| Sold Toyota Charger, 2008
13:57:25| Created: Volkswagen M5, 2014
13:57:25| Sold Subaru Titan, 1995
13:57:25| Created: Lexus Viper, 1997
13:57:25| Sold Fiat XL, 1994
13:57:25| Created: Fiat RX, 2007
13:57:25| Sold Mitsubishi RX, 2024
13:57:25| Created: Fiat A1, 2020
13:57:25| Sold Volkswagen RX, 1998
13:57:25| Created: Jeep M5, 2007
13:57:25| Sold Nissan XL, 1994
13:57:25| Created: Fiat Viper, 2000
13:57:25| Sold Nissan SE, 2014
13:57:25| Sold Buick M5, 2022
13:57:25| Created: Mazda A1, 2003
13:57:25| Created: Chevrolet Titan, 2011
13:57:25| Sold Volkswagen Flat, 1990
13:57:25| Created: Chevrolet Grand, 2013
13:57:25| Sold Ford Charger, 2001
13:57:25| Created: Kia A1, 2003
13:57:25| Sold Volkswagen M5, 2014
13:57:25| Created: Lexus XOX, 1993
13:57:25| Sold Lexus Viper, 1997
13:57:25| Created: Mitsubishi GX, 2007
13:57:25| Sold Fiat RX, 2007
13:57:25| Sold Fiat A1, 2020
13:57:25| Created: Dodge Viper, 1992
13:57:25| Created: Volvo SE, 2003
13:57:25| Sold Jeep M5, 2007
13:57:25| Created: Mitsubishi Flat, 2008
13:57:25| Sold Fiat Viper, 2000
13:57:25| Created: Nissan Flat, 1991
13:57:25| Sold Mazda A1, 2003
13:57:25| Sold Chevrolet Titan, 2011
13:57:25| Created: Chrysler Middle, 2004
13:57:25| Created: Chrysler A2, 1993
13:57:25| Sold Chevrolet Grand, 2013
13:57:25| Created: Fiat Titan, 2024
13:57:25| Sold Kia A1, 2003
13:57:25| Created: Lexus Tall, 2015
13:57:25| Sold Lexus XOX, 1993
13:57:25| Created: Honda M1X, 2023
13:57:25| Sold Mitsubishi GX, 2007
13:57:25| Sold Dodge Viper, 1992
13:57:25| Created: Chevrolet Viper, 2002
13:57:25| Created: Ford Town, 2004
13:57:25| Sold Volvo SE, 2003
13:57:25| Created: Infiniti RX, 2003
13:57:25| Sold Mitsubishi Flat, 2008
13:57:25| Created: Nissan XLS, 2019
13:57:25| Sold Nissan Flat, 1991
13:57:25| Created: Chevrolet Titan, 2017
13:57:26| Sold Chrysler Middle, 2004
13:57:26| Created: Jeep XL, 2008
13:57:26| Sold Chrysler A2, 1993
13:57:26| Sold Fiat Titan, 2024
13:57:26| Created: Acura M1, 2008
13:57:26| Created: Nissan XOX, 2023
13:57:26| Sold Lexus Tall, 2015
13:57:26| Sold Honda M1X, 2023
13:57:26| Created: Mitsubishi XL, 2014
13:57:26| Created: Buick F150, 2017
13:57:26| Sold Chevrolet Viper, 2002
13:57:26| Created: Fiat Flat, 2017
13:57:26| Sold Ford Town, 2004
13:57:26| Created: Toyota Middle, 2001
13:57:26| Sold Infiniti RX, 2003
13:57:26| Created: Chrysler M1, 1991
13:57:26| Sold Nissan XLS, 2019
13:57:26| Created: Subaru Charger, 1992
13:57:26| Sold Chevrolet Titan, 2017
13:57:26| Sold Jeep XL, 2008
13:57:26| Created: Subaru RX, 1994
13:57:26| Created: Nissan Ranger, 1991
13:57:26| Sold Acura M1, 2008
13:57:26| Created: Kia Sport, 2017
13:57:26| Sold Nissan XOX, 2023
13:57:26| Created: Dodge Round, 2007
13:57:26| Sold Mitsubishi XL, 2014
13:57:26| Created: Lexus G35, 2000
13:57:26| Sold Buick F150, 2017
13:57:26| Created: Volvo G35, 2021
13:57:26| Sold Fiat Flat, 2017
13:57:26| Created: Chevrolet Middle, 2016
13:57:26| Sold Toyota Middle, 2001
13:57:26| Created: Toyota Town, 2000
13:57:26| Sold Chrysler M1, 1991
13:57:26| Created: Kia Charger, 2024
13:57:26| Sold Subaru Charger, 1992
13:57:26| Created: Mazda Viper, 2000
13:57:26| Sold Subaru RX, 1994
13:57:26| Created: Buick Town, 2020
13:57:26| Sold Nissan Ranger, 1991
13:57:26| Created: Volvo F150, 1991
13:57:26| Sold Kia Sport, 2017
13:57:26| Created: Chrysler Charger, 2020
13:57:26| Sold Dodge Round, 2007
13:57:26| Created: Ford Sport, 2024
13:57:26| Sold Lexus G35, 2000
13:57:26| Sold Volvo G35, 2021
13:57:26| Created: Buick XLE, 2001
13:57:26| Created: Kia M1X, 1994
13:57:26| Sold Chevrolet Middle, 2016
13:57:26| Created: Ford SE, 1992
13:57:26| Sold Toyota Town, 2000
13:57:26| Created: Chevrolet XL, 2013
13:57:26| Sold Kia Charger, 2024
13:57:26| Created: Chevrolet XOX, 1994
13:57:26| Sold Mazda Viper, 2000
13:57:26| Created: Honda SE, 2022
13:57:26| Sold Buick Town, 2020
13:57:26| Created: Acura M1, 2017
13:57:26| Sold Volvo F150, 1991
13:57:26| Sold Chrysler Charger, 2020
13:57:26| Created: Toyota XLS, 1997
13:57:26| Created: Mazda Super, 2016
13:57:26| Sold Ford Sport, 2024
13:57:26| Sold Buick XLE, 2001
13:57:26| Created: Acura M1X, 1993
13:57:26| Sold Kia M1X, 1994
13:57:26| Created: Acura M5, 2000
13:57:26| Created: Acura G35, 2009
13:57:26| Sold Ford SE, 1992
13:57:26| Created: Nissan M1X, 2018
13:57:26| Sold Chevrolet XL, 2013
13:57:26| Created: Mitsubishi Ranger, 2021
13:57:26| Sold Chevrolet XOX, 1994
13:57:26| Created: Kia Flat, 1998
13:57:26| Sold Honda SE, 2022
13:57:26| Created: Nissan Grand, 2023
13:57:26| Sold Acura M1, 2017
13:57:26| Created: Jeep Viper, 2024
13:57:26| Sold Toyota XLS, 1997
13:57:26| Sold Mazda Super, 2016
13:57:26| Created: Volkswagen XOX, 1997
13:57:26| Sold Acura M1X, 1993
13:57:26| Sold Acura M5, 2000
13:57:26| Created: Toyota MM, 1995
13:57:26| Created: Mazda XLS, 1991
13:57:26| Sold Acura G35, 2009
13:57:26| Created: Chrysler Viper, 2000
13:57:26| Sold Nissan M1X, 2018
13:57:26| Created: Lexus Town, 2023
13:57:26| Sold Mitsubishi Ranger, 2021
13:57:26| Created: Jeep SE, 1998
13:57:26| Sold Kia Flat, 1998
13:57:26| Sold Nissan Grand, 2023
13:57:27| Sold Jeep Viper, 2024
13:57:27| Sold Volkswagen XOX, 1997
13:57:27| Sold Toyota MM, 1995
13:57:27| Sold Mazda XLS, 1991
13:57:27| Sold Chrysler Viper, 2000
13:57:27| Sold Lexus Town, 2023
